[2026-03-13 09:18:31] CLASSIFY: kind=brownfield, reasoning=The user wants to migrate an existing Struts2 + EasyUI Java web application to a modern Spring Boot backend and React.js frontend, placed in a new directory. Hive will analyze the existing codebase to understand its structure, domain models, and features, then plan and execute a full rewrite preserving the application's functionality in the new tech stack.
[2026-03-13 09:18:56] CLASSIFY: kind=brownfield, reasoning=The user wants to migrate their existing Struts2 + EasyUI system to a modern Spring Boot + React.js stack in a new directory. Hive will analyze the existing codebase to understand the current structure, features, and data models, then plan and scaffold the new Spring Boot backend and React frontend while preserving the application's existing functionality.
[2026-03-13 09:19:40] CLASSIFY: kind=brownfield, reasoning=The user wants to migrate the existing Struts2 + EasyUI Java web application to a modern Spring Boot backend and React.js frontend, placed in a new directory. Hive will analyze the current codebase to understand the existing features, data models, and business logic, then plan and scaffold the new Spring Boot + React project structure while preserving the application's behavior.
[2026-03-13 09:20:42] START: 14 tasks — t1(architect), t2(pm), t3(architect), t4(backend), t5(database), t6(frontend), t7(backend), t8(backend), t9(backend), t10(frontend), t11(frontend), t12(frontend), t13(tester), t14(pm)
[2026-03-13 09:20:42] BATCH: executing 14 tasks (DAG-scheduled) — t1, t2, t3, t4, t5, t6, t7, t8, t9, t10, t11, t12, t13, t14
[2026-03-13 09:21:00] TASK_START: t1 (architect) — Analyze existing Struts2/Spring/Hibernate architecture, module boundaries, and integration points
[2026-03-13 09:21:00] TASK_START: t2 (pm) — Inventory all existing features, user flows, and acceptance criteria from the current system
[2026-03-13 09:26:27] TASK_DONE: t2 (pm) — 327s, 34 tools
[2026-03-13 09:27:22] TASK_DONE: t1 (architect) — 382s, 37 tools
[2026-03-13 09:27:29] TASK_START: t3 (architect) — Design target Spring Boot + React architecture: API contracts, project layout, auth strategy, and migration approach for the new directory
[2026-03-13 09:35:26] TASK_DONE: t3 (architect) — 476s, 10 tools
[2026-03-13 09:35:32] TASK_START: t4 (backend) — Scaffold Spring Boot project in new directory with Maven structure, dependencies, and base configuration
[2026-03-13 09:35:32] TASK_START: t6 (frontend) — Scaffold React project in new directory with routing, state management, build config, and shared component foundation
[2026-03-13 09:35:33] TASK_START: t5 (database) — Design and scaffold relational schema, JPA entities, repositories, and migration scripts targeting the new stack
[2026-03-13 09:44:20] TASK_DONE: t5 (database) — 527s, 100 tools
[2026-03-13 09:44:49] TASK_DONE: t6 (frontend) — 557s, 46 tools
[2026-03-13 09:44:52] TASK_DONE: t4 (backend) — 561s, 44 tools
[2026-03-13 09:44:59] TASK_START: t7 (backend) — Implement user, role, and authority management REST APIs with Spring Security RBAC and JWT authentication
[2026-03-13 09:44:59] TASK_START: t8 (backend) — Implement equipment and document management REST APIs including Excel export via Apache POI
[2026-03-13 09:44:59] TASK_START: t9 (backend) — Implement AOP-based access logging and statistics/chart data REST APIs
[2026-03-13 09:45:47] TASK_DONE: t8 (backend) — 49s, 11 tools
[2026-03-13 09:45:47] TASK_DONE: t9 (backend) — 48s, 14 tools
[2026-03-13 09:45:47] TASK_DONE: t7 (backend) — 49s, 14 tools
[2026-03-13 09:46:06] CLASSIFY: kind=brownfield, reasoning=The user wants to migrate the existing Struts2 + EasyUI system to Spring Boot + React.js, placing the rewritten project in a new directory. Hive will analyze the current codebase to understand the existing functionality, then plan and implement a full rewrite using Spring Boot for the backend REST API and React.js for the frontend, preserving the original business logic and features.
[2026-03-13 09:46:33] RESUME: 9 done, 5 remaining
[2026-03-13 09:46:33] BATCH: executing 5 tasks (DAG-scheduled) — t10, t11, t12, t13, t14
[2026-03-13 09:46:40] TASK_START: t10 (frontend) — Implement login, user management, role management, and authority assignment UI in React
[2026-03-13 09:46:40] TASK_START: t11 (frontend) — Implement equipment and document management UI with data tables and Excel export trigger in React
[2026-03-13 09:46:40] TASK_START: t12 (frontend) — Implement user statistics charts and access log viewer UI in React
[2026-03-13 09:49:52] TASK_DONE: t12 (frontend) — 193s, 28 tools
[2026-03-13 09:50:18] TASK_DONE: t11 (frontend) — 218s, 26 tools
[2026-03-13 09:53:24] TASK_DONE: t10 (frontend) — 405s, 75 tools
[2026-03-13 09:53:30] TASK_START: t13 (tester) — Write and run integration and end-to-end tests covering all major feature flows in the new stack
[2026-03-13 10:05:57] TASK_DONE: t13 (tester) — 746s, 59 tools
[2026-03-13 10:06:03] TASK_START: t14 (pm) — Verify feature parity against original inventory, validate all user flows, and sign off on the rewrite
[2026-03-13 10:09:55] TASK_DONE: t14 (pm) — 231s, 13 tools
[2026-03-13 10:10:40] RE-EVAL: 5 new tasks — t15, t16, t17, t18, t19
[2026-03-13 10:10:40] BATCH: executing 5 tasks (DAG-scheduled) — t15, t16, t17, t18, t19
[2026-03-13 10:10:49] TASK_START: t15 (database) — Write V1 schema migration (all 9 tables) and V2 seed data for the new stack
[2026-03-13 10:10:49] TASK_START: t16 (backend) — Implement all missing backend feature layer: entities, repositories, services, and controllers for auth/user/role/authority/equipment/document/log/stats/menu/online-users, plus AOP access logging and UserDetailsService
[2026-03-13 10:10:49] TASK_START: t17 (frontend) — Implement OnlineUsers page and replace hardcoded sidebar with dynamic menu loaded from GET /api/menus/tree
[2026-03-13 10:14:31] TASK_DONE: t17 (frontend) — 222s, 26 tools
[2026-03-13 10:16:56] TASK_DONE: t16 (backend) — 367s, 22 tools
[2026-03-13 10:17:03] TASK_DONE: t15 (database) — 374s, 39 tools
[2026-03-13 10:17:09] TASK_START: t18 (tester) — Re-run all integration and E2E tests; verify all 22 contract tests pass and full login-to-CRUD flow is proven end-to-end
[2026-03-13 10:20:35] TASK_DONE: t18 (tester) — 205s, 26 tools
[2026-03-13 10:20:42] TASK_START: t19 (pm) — Final feature parity sign-off: validate all user flows match original inventory and grant rewrite acceptance
[2026-03-13 10:24:21] TASK_DONE: t19 (pm) — 220s, 22 tools
[2026-03-13 10:24:43] RE-EVAL: 3 new tasks — t20, t21, t22
[2026-03-13 10:24:43] BATCH: executing 3 tasks (DAG-scheduled) — t20, t21, t22
[2026-03-13 10:24:49] TASK_START: t20 (backend) — Implement service layer, all controllers, real UserDetailsService, AccessLogAspect, and fix GlobalExceptionHandler 404 handling
[2026-03-13 10:28:24] TASK_DONE: t20 (backend) — 215s, 101 tools
[2026-03-13 10:28:31] TASK_START: t21 (tester) — Re-run all integration and E2E tests: verify all 22 contract tests pass, remove @Disabled from PmVerificationScenariosTest and confirm all 7 PM scenarios pass, prove login-to-CRUD flow end-to-end
